<?xml version="1.0" encoding="UTF-8"?>
<!-- Generated by org.testng.reporters.JUnitXMLReporter -->
<testsuite ignored="4" hostname="DESKTOP-6U192DI" failures="0" tests="3" name="Test" time="29.671" errors="0" timestamp="2021-06-06T22:50:36 IST">
  <testcase classname="TestPackage.MyTest" name="Test1" time="17.001"/>
  <testcase classname="TestPackage.MyTest" name="secondTest" time="0.003"/>
  <testcase classname="TestPackage.Mytest2" name="Test2" time="10.268"/>
  <testcase classname="Basicpackage.Baseclass" name="@AfterTest AfterTestMethod" time="0.0">
    <ignored/>
  </testcase> <!-- @AfterTest AfterTestMethod -->
  <testcase classname="Basicpackage.Baseclass" name="@AfterSuite ASuiteMethod" time="0.0">
    <ignored/>
  </testcase> <!-- @AfterSuite ASuiteMethod -->
  <testcase classname="Basicpackage.Baseclass" name="@BeforeSuite BSuiteMethod" time="0.0">
    <ignored/>
  </testcase> <!-- @BeforeSuite BSuiteMethod -->
  <testcase classname="Basicpackage.Baseclass" name="@BeforeTest BeforeTestMethod" time="0.0">
    <ignored/>
  </testcase> <!-- @BeforeTest BeforeTestMethod -->
</testsuite> <!-- Test -->
